<?xml version="1.0" encoding="UTF-8"?>
<testng-results ignored="0" total="1" passed="1" failed="0" skipped="0">
  <reporter-output>
  </reporter-output>
  <suite started-at="2025-09-22T13:52:30 IST" name="Amazon Suite" finished-at="2025-09-22T13:52:38 IST" duration-ms="7627">
    <groups>
    </groups>
    <test started-at="2025-09-22T13:52:30 IST" name="Amazon Search Test" finished-at="2025-09-22T13:52:38 IST" duration-ms="7627">
      <class name="com.selenium.AmazonSearchTest">
        <test-method signature="searchAmazonProduct()[pri:0, instance:com.selenium.AmazonSearchTest@243c4f91]" started-at="2025-09-22T13:52:30 IST" name="searchAmazonProduct" finished-at="2025-09-22T13:52:38 IST" duration-ms="7581" status="PASS">
          <reporter-output>
          </reporter-output>
        </test-method> <!-- searchAmazonProduct -->
      </class> <!-- com.selenium.AmazonSearchTest -->
    </test> <!-- Amazon Search Test -->
  </suite> <!-- Amazon Suite -->
</testng-results>
